# JRE version: OpenJDK Runtime Environment (23.0.1+11) (build 23.0.1+11-39)
# Java VM: OpenJDK 64-Bit Server VM (23.0.1+11-39, mixed mode, emulated-client, sharing, tiered, compressed oops, compressed class ptrs, g1 gc, windows-amd64)
GC Precious Log:
 CardTable entry size: 512
 Card Set container configuration: InlinePtr #cards 4 size 8 Array Of Cards #cards 32 size 80 Howl #buckets 8 coarsen threshold 7372 Howl Bitmap #cards 1024 size 144 coarsen threshold 921 Card regions per heap region 1 cards per card region 8192
 CPUs: 8 total, 8 available
 Memory: 32561M
 Large Page Support: Disabled
 NUMA Support: Disabled
 Compressed Oops: Enabled (Zero based)
 Heap Region Size: 4M
 Heap Min Capacity: 8M
 Heap Initial Capacity: 512M
 Heap Max Capacity: 8144M
 Pre-touch: Disabled
 Parallel Workers: 8
 Concurrent Workers: 2
 Concurrent Refinement Workers: 8
 Periodic GC: Disabled
Heap:
 garbage-first heap   total reserved 8339456K, committed 221184K, used 62660K [0x0000000603000000, 0x0000000800000000)
  region size 4096K, 2 young (8192K), 1 survivors (4096K)
 Metaspace       used 96402K, committed 97792K, reserved 1179648K
  class space    used 14468K, committed 15040K, reserved 1048576K
GC Heap History (20 events):
Event: 5.437 GC heap before
{Heap before GC invocations=8 (full 0):
 garbage-first heap   total reserved 8339456K, committed 299008K, used 61847K [0x0000000603000000, 0x0000000800000000)
  region size 4096K, 11 young (45056K), 1 survivors (4096K)
 Metaspace       used 35614K, committed 36096K, reserved 1114112K
  class space    used 5140K, committed 5376K, reserved 1048576K
}
Event: 5.442 GC heap after
{Heap after GC invocations=9 (full 0):
 garbage-first heap   total reserved 8339456K, committed 299008K, used 27608K [0x0000000603000000, 0x0000000800000000)
  region size 4096K, 2 young (8192K), 2 survivors (8192K)
 Metaspace       used 35614K, committed 36096K, reserved 1114112K
  class space    used 5140K, committed 5376K, reserved 1048576K
}
Event: 6.468 GC heap before
{Heap before GC invocations=10 (full 0):
 garbage-first heap   total reserved 8339456K, committed 110592K, used 84952K [0x0000000603000000, 0x0000000800000000)
  region size 4096K, 16 young (65536K), 2 survivors (8192K)
 Metaspace       used 41554K, committed 42176K, reserved 1114112K
  class space    used 5990K, committed 6208K, reserved 1048576K
}
Event: 6.476 GC heap after
{Heap after GC invocations=11 (full 0):
 garbage-first heap   total reserved 8339456K, committed 110592K, used 31525K [0x0000000603000000, 0x0000000800000000)
  region size 4096K, 2 young (8192K), 2 survivors (8192K)
 Metaspace       used 41554K, committed 42176K, reserved 1114112K
  class space    used 5990K, committed 6208K, reserved 1048576K
}
Event: 7.390 GC heap before
{Heap before GC invocations=11 (full 0):
 garbage-first heap   total reserved 8339456K, committed 110592K, used 84773K [0x0000000603000000, 0x0000000800000000)
  region size 4096K, 15 young (61440K), 2 survivors (8192K)
 Metaspace       used 51572K, committed 52288K, reserved 1114112K
  class space    used 7495K, committed 7808K, reserved 1048576K
}
Event: 7.401 GC heap after
{Heap after GC invocations=12 (full 0):
 garbage-first heap   total reserved 8339456K, committed 110592K, used 33661K [0x0000000603000000, 0x0000000800000000)
  region size 4096K, 2 young (8192K), 2 survivors (8192K)
 Metaspace       used 51572K, committed 52288K, reserved 1114112K
  class space    used 7495K, committed 7808K, reserved 1048576K
}
Event: 8.060 GC heap before
{Heap before GC invocations=12 (full 0):
 garbage-first heap   total reserved 8339456K, committed 110592K, used 70525K [0x0000000603000000, 0x0000000800000000)
  region size 4096K, 12 young (49152K), 2 survivors (8192K)
 Metaspace       used 60262K, committed 60928K, reserved 1114112K
  class space    used 8766K, committed 9024K, reserved 1048576K
}
Event: 8.073 GC heap after
{Heap after GC invocations=13 (full 0):
 garbage-first heap   total reserved 8339456K, committed 110592K, used 35876K [0x0000000603000000, 0x0000000800000000)
  region size 4096K, 2 young (8192K), 2 survivors (8192K)
 Metaspace       used 60262K, committed 60928K, reserved 1114112K
  class space    used 8766K, committed 9024K, reserved 1048576K
}
Event: 8.983 GC heap before
{Heap before GC invocations=14 (full 0):
 garbage-first heap   total reserved 8339456K, committed 110592K, used 89124K [0x0000000603000000, 0x0000000800000000)
  region size 4096K, 15 young (61440K), 2 survivors (8192K)
 Metaspace       used 68592K, committed 69376K, reserved 1114112K
  class space    used 10129K, committed 10432K, reserved 1048576K
}
Event: 8.995 GC heap after
{Heap after GC invocations=15 (full 0):
 garbage-first heap   total reserved 8339456K, committed 110592K, used 38819K [0x0000000603000000, 0x0000000800000000)
  region size 4096K, 2 young (8192K), 2 survivors (8192K)
 Metaspace       used 68592K, committed 69376K, reserved 1114112K
  class space    used 10129K, committed 10432K, reserved 1048576K
}
Event: 9.848 GC heap before
{Heap before GC invocations=15 (full 0):
 garbage-first heap   total reserved 8339456K, committed 110592K, used 87971K [0x0000000603000000, 0x0000000800000000)
  region size 4096K, 14 young (57344K), 2 survivors (8192K)
 Metaspace       used 75035K, committed 75776K, reserved 1114112K
  class space    used 11283K, committed 11584K, reserved 1048576K
}
Event: 9.855 GC heap after
{Heap after GC invocations=16 (full 0):
 garbage-first heap   total reserved 8339456K, committed 110592K, used 41681K [0x0000000603000000, 0x0000000800000000)
  region size 4096K, 2 young (8192K), 2 survivors (8192K)
 Metaspace       used 75035K, committed 75776K, reserved 1114112K
  class space    used 11283K, committed 11584K, reserved 1048576K
}
Event: 10.415 GC heap before
{Heap before GC invocations=16 (full 0):
 garbage-first heap   total reserved 8339456K, committed 110592K, used 90833K [0x0000000603000000, 0x0000000800000000)
  region size 4096K, 14 young (57344K), 2 survivors (8192K)
 Metaspace       used 77495K, committed 78208K, reserved 1179648K
  class space    used 11671K, committed 11968K, reserved 1048576K
}
Event: 10.422 GC heap after
{Heap after GC invocations=17 (full 0):
 garbage-first heap   total reserved 8339456K, committed 110592K, used 45604K [0x0000000603000000, 0x0000000800000000)
  region size 4096K, 2 young (8192K), 2 survivors (8192K)
 Metaspace       used 77495K, committed 78208K, reserved 1179648K
  class space    used 11671K, committed 11968K, reserved 1048576K
}
Event: 10.912 GC heap before
{Heap before GC invocations=17 (full 0):
 garbage-first heap   total reserved 8339456K, committed 110592K, used 90660K [0x0000000603000000, 0x0000000800000000)
  region size 4096K, 13 young (53248K), 2 survivors (8192K)
 Metaspace       used 79912K, committed 80768K, reserved 1179648K
  class space    used 12044K, committed 12416K, reserved 1048576K
}
Event: 10.919 GC heap after
{Heap after GC invocations=18 (full 0):
 garbage-first heap   total reserved 8339456K, committed 319488K, used 49273K [0x0000000603000000, 0x0000000800000000)
  region size 4096K, 2 young (8192K), 2 survivors (8192K)
 Metaspace       used 79912K, committed 80768K, reserved 1179648K
  class space    used 12044K, committed 12416K, reserved 1048576K
}
Event: 245.692 GC heap before
{Heap before GC invocations=18 (full 0):
 garbage-first heap   total reserved 8339456K, committed 319488K, used 229497K [0x0000000603000000, 0x0000000800000000)
  region size 4096K, 46 young (188416K), 2 survivors (8192K)
 Metaspace       used 96581K, committed 97728K, reserved 1179648K
  class space    used 14536K, committed 15040K, reserved 1048576K
}
Event: 245.710 GC heap after
{Heap after GC invocations=19 (full 0):
 garbage-first heap   total reserved 8339456K, committed 319488K, used 60237K [0x0000000603000000, 0x0000000800000000)
  region size 4096K, 5 young (20480K), 5 survivors (20480K)
 Metaspace       used 96581K, committed 97728K, reserved 1179648K
  class space    used 14536K, committed 15040K, reserved 1048576K
}
Event: 4456.353 GC heap before
{Heap before GC invocations=19 (full 0):
 garbage-first heap   total reserved 8339456K, committed 319488K, used 179021K [0x0000000603000000, 0x0000000800000000)
  region size 4096K, 35 young (143360K), 5 survivors (20480K)
 Metaspace       used 96726K, committed 97792K, reserved 1179648K
  class space    used 14561K, committed 15040K, reserved 1048576K
}
Event: 4456.378 GC heap after
{Heap after GC invocations=20 (full 0):
 garbage-first heap   total reserved 8339456K, committed 319488K, used 62660K [0x0000000603000000, 0x0000000800000000)
  region size 4096K, 1 young (4096K), 1 survivors (4096K)
 Metaspace       used 96726K, committed 97792K, reserved 1179648K
  class space    used 14561K, committed 15040K, reserved 1048576K
}

